# JRE version: Java(TM) SE Runtime Environment (8.0_212-b10) (build 1.8.0_212-b10)
# Java VM: Java HotSpot(TM) 64-Bit Server VM (25.212-b10 mixed mode windows-amd64 compressed oops)
Heap:
 PSYoungGen      total 377856K, used 241268K [0x00000000e0000000, 0x00000000fc580000, 0x0000000100000000)
  eden space 312832K, 76% used [0x00000000e0000000,0x00000000eeb35148,0x00000000f3180000)
  from space 65024K, 0% used [0x00000000f8600000,0x00000000f8668000,0x00000000fc580000)
  to   space 75776K, 0% used [0x00000000f3180000,0x00000000f3180000,0x00000000f7b80000)
 ParOldGen       total 238592K, used 168371K [0x00000000a0000000, 0x00000000ae900000, 0x00000000e0000000)
  object space 238592K, 70% used [0x00000000a0000000,0x00000000aa46cd90,0x00000000ae900000)
 Metaspace       used 119422K, capacity 124830K, committed 125056K, reserved 1163264K
  class space    used 15842K, capacity 16951K, committed 17024K, reserved 1048576K
GC Heap History (10 events):
Event: 65.840 GC heap before
{Heap before GC invocations=24 (full 4):
 PSYoungGen      total 270336K, used 248487K [0x00000000e0000000, 0x00000000f7c00000, 0x0000000100000000)
  eden space 215040K, 100% used [0x00000000e0000000,0x00000000ed200000,0x00000000ed200000)
  from space 55296K, 60% used [0x00000000ed200000,0x00000000ef2a9f30,0x00000000f0800000)
  to   space 56320K, 0% used [0x00000000f4500000,0x00000000f4500000,0x00000000f7c00000)
 ParOldGen       total 238592K, used 82539K [0x00000000a0000000, 0x00000000ae900000, 0x00000000e0000000)
  object space 238592K, 34% used [0x00000000a0000000,0x00000000a509ae20,0x00000000ae900000)
 Metaspace       used 87608K, capacity 91548K, committed 91776K, reserved 1128448K
  class space    used 11890K, capacity 12649K, committed 12672K, reserved 1048576K
Event: 66.044 GC heap after
Heap after GC invocations=24 (full 4):
 PSYoungGen      total 308736K, used 56314K [0x00000000e0000000, 0x00000000fab80000, 0x0000000100000000)
  eden space 252416K, 0% used [0x00000000e0000000,0x00000000e0000000,0x00000000ef680000)
  from space 56320K, 99% used [0x00000000f4500000,0x00000000f7bfe9d8,0x00000000f7c00000)
  to   space 80384K, 0% used [0x00000000ef680000,0x00000000ef680000,0x00000000f4500000)
 ParOldGen       total 238592K, used 124265K [0x00000000a0000000, 0x00000000ae900000, 0x00000000e0000000)
  object space 238592K, 52% used [0x00000000a0000000,0x00000000a795a448,0x00000000ae900000)
 Metaspace       used 87608K, capacity 91548K, committed 91776K, reserved 1128448K
  class space    used 11890K, capacity 12649K, committed 12672K, reserved 1048576K
}
Event: 71.870 GC heap before
{Heap before GC invocations=25 (full 4):
 PSYoungGen      total 308736K, used 308724K [0x00000000e0000000, 0x00000000fab80000, 0x0000000100000000)
  eden space 252416K, 99% used [0x00000000e0000000,0x00000000ef67e800,0x00000000ef680000)
  from space 56320K, 99% used [0x00000000f4500000,0x00000000f7bfe9d8,0x00000000f7c00000)
  to   space 80384K, 0% used [0x00000000ef680000,0x00000000ef680000,0x00000000f4500000)
 ParOldGen       total 238592K, used 124265K [0x00000000a0000000, 0x00000000ae900000, 0x00000000e0000000)
  object space 238592K, 52% used [0x00000000a0000000,0x00000000a795a448,0x00000000ae900000)
 Metaspace       used 91172K, capacity 95242K, committed 95360K, reserved 1132544K
  class space    used 12333K, capacity 13146K, committed 13184K, reserved 1048576K
Event: 71.910 GC heap after
Heap after GC invocations=25 (full 4):
 PSYoungGen      total 332800K, used 7220K [0x00000000e0000000, 0x00000000fd400000, 0x0000000100000000)
  eden space 252416K, 0% used [0x00000000e0000000,0x00000000e0000000,0x00000000ef680000)
  from space 80384K, 8% used [0x00000000ef680000,0x00000000efd8d090,0x00000000f4500000)
  to   space 79872K, 0% used [0x00000000f8600000,0x00000000f8600000,0x00000000fd400000)
 ParOldGen       total 238592K, used 152630K [0x00000000a0000000, 0x00000000ae900000, 0x00000000e0000000)
  object space 238592K, 63% used [0x00000000a0000000,0x00000000a950d930,0x00000000ae900000)
 Metaspace       used 91172K, capacity 95242K, committed 95360K, reserved 1132544K
  class space    used 12333K, capacity 13146K, committed 13184K, reserved 1048576K
}
Event: 1006.449 GC heap before
{Heap before GC invocations=26 (full 4):
 PSYoungGen      total 332800K, used 259636K [0x00000000e0000000, 0x00000000fd400000, 0x0000000100000000)
  eden space 252416K, 100% used [0x00000000e0000000,0x00000000ef680000,0x00000000ef680000)
  from space 80384K, 8% used [0x00000000ef680000,0x00000000efd8d090,0x00000000f4500000)
  to   space 79872K, 0% used [0x00000000f8600000,0x00000000f8600000,0x00000000fd400000)
 ParOldGen       total 238592K, used 152630K [0x00000000a0000000, 0x00000000ae900000, 0x00000000e0000000)
  object space 238592K, 63% used [0x00000000a0000000,0x00000000a950d930,0x00000000ae900000)
 Metaspace       used 105661K, capacity 110520K, committed 110720K, reserved 1144832K
  class space    used 13988K, capacity 14923K, committed 14976K, reserved 1048576K
Event: 1007.082 GC heap after
Heap after GC invocations=26 (full 4):
 PSYoungGen      total 377856K, used 31290K [0x00000000e0000000, 0x00000000fc580000, 0x0000000100000000)
  eden space 312832K, 0% used [0x00000000e0000000,0x00000000e0000000,0x00000000f3180000)
  from space 65024K, 48% used [0x00000000f8600000,0x00000000fa48e868,0x00000000fc580000)
  to   space 75776K, 0% used [0x00000000f3180000,0x00000000f3180000,0x00000000f7b80000)
 ParOldGen       total 238592K, used 155892K [0x00000000a0000000, 0x00000000ae900000, 0x00000000e0000000)
  object space 238592K, 65% used [0x00000000a0000000,0x00000000a983d1a8,0x00000000ae900000)
 Metaspace       used 105661K, capacity 110520K, committed 110720K, reserved 1144832K
  class space    used 13988K, capacity 14923K, committed 14976K, reserved 1048576K
}
Event: 1060.619 GC heap before
{Heap before GC invocations=27 (full 4):
 PSYoungGen      total 377856K, used 344122K [0x00000000e0000000, 0x00000000fc580000, 0x0000000100000000)
  eden space 312832K, 100% used [0x00000000e0000000,0x00000000f3180000,0x00000000f3180000)
  from space 65024K, 48% used [0x00000000f8600000,0x00000000fa48e868,0x00000000fc580000)
  to   space 75776K, 0% used [0x00000000f3180000,0x00000000f3180000,0x00000000f7b80000)
 ParOldGen       total 238592K, used 155892K [0x00000000a0000000, 0x00000000ae900000, 0x00000000e0000000)
  object space 238592K, 65% used [0x00000000a0000000,0x00000000a983d1a8,0x00000000ae900000)
 Metaspace       used 105876K, capacity 110812K, committed 110976K, reserved 1144832K
  class space    used 13992K, capacity 14929K, committed 14976K, reserved 1048576K
Event: 1060.685 GC heap after
Heap after GC invocations=27 (full 4):
 PSYoungGen      total 388608K, used 448K [0x00000000e0000000, 0x00000000fc580000, 0x0000000100000000)
  eden space 312832K, 0% used [0x00000000e0000000,0x00000000e0000000,0x00000000f3180000)
  from space 75776K, 0% used [0x00000000f3180000,0x00000000f31f0000,0x00000000f7b80000)
  to   space 65024K, 0% used [0x00000000f8600000,0x00000000f8600000,0x00000000fc580000)
 ParOldGen       total 238592K, used 168139K [0x00000000a0000000, 0x00000000ae900000, 0x00000000e0000000)
  object space 238592K, 70% used [0x00000000a0000000,0x00000000aa432d90,0x00000000ae900000)
 Metaspace       used 105876K, capacity 110812K, committed 110976K, reserved 1144832K
  class space    used 13992K, capacity 14929K, committed 14976K, reserved 1048576K
}
Event: 1073.622 GC heap before
{Heap before GC invocations=28 (full 4):
 PSYoungGen      total 388608K, used 313280K [0x00000000e0000000, 0x00000000fc580000, 0x0000000100000000)
  eden space 312832K, 100% used [0x00000000e0000000,0x00000000f3180000,0x00000000f3180000)
  from space 75776K, 0% used [0x00000000f3180000,0x00000000f31f0000,0x00000000f7b80000)
  to   space 65024K, 0% used [0x00000000f8600000,0x00000000f8600000,0x00000000fc580000)
 ParOldGen       total 238592K, used 168139K [0x00000000a0000000, 0x00000000ae900000, 0x00000000e0000000)
  object space 238592K, 70% used [0x00000000a0000000,0x00000000aa432d90,0x00000000ae900000)
 Metaspace       used 105923K, capacity 110812K, committed 110976K, reserved 1144832K
  class space    used 13997K, capacity 14929K, committed 14976K, reserved 1048576K
Event: 1073.626 GC heap after
Heap after GC invocations=28 (full 4):
 PSYoungGen      total 377856K, used 416K [0x00000000e0000000, 0x00000000fc580000, 0x0000000100000000)
  eden space 312832K, 0% used [0x00000000e0000000,0x00000000e0000000,0x00000000f3180000)
  from space 65024K, 0% used [0x00000000f8600000,0x00000000f8668000,0x00000000fc580000)
  to   space 75776K, 0% used [0x00000000f3180000,0x00000000f3180000,0x00000000f7b80000)
 ParOldGen       total 238592K, used 168371K [0x00000000a0000000, 0x00000000ae900000, 0x00000000e0000000)
  object space 238592K, 70% used [0x00000000a0000000,0x00000000aa46cd90,0x00000000ae900000)
 Metaspace       used 105923K, capacity 110812K, committed 110976K, reserved 1144832K
  class space    used 13997K, capacity 14929K, committed 14976K, reserved 1048576K
}

