# JRE version: Java(TM) SE Runtime Environment (8.0_212-b10) (build 1.8.0_212-b10)
# Java VM: Java HotSpot(TM) 64-Bit Server VM (25.212-b10 mixed mode windows-amd64 compressed oops)
Heap:
 PSYoungGen      total 124928K, used 33509K [0x00000000f5580000, 0x0000000100000000, 0x0000000100000000)
  eden space 79872K, 40% used [0x00000000f5580000,0x00000000f74f17f0,0x00000000fa380000)
  from space 45056K, 2% used [0x00000000fcf00000,0x00000000fd048000,0x00000000ffb00000)
  to   space 44544K, 0% used [0x00000000fa380000,0x00000000fa380000,0x00000000fcf00000)
 ParOldGen       total 349696K, used 207632K [0x00000000e0000000, 0x00000000f5580000, 0x00000000f5580000)
  object space 349696K, 59% used [0x00000000e0000000,0x00000000ecac40b0,0x00000000f5580000)
 Metaspace       used 113413K, capacity 118320K, committed 119168K, reserved 1153024K
  class space    used 14519K, capacity 15499K, committed 15744K, reserved 1048576K
GC Heap History (10 events):
Event: 188.473 GC heap before
{Heap before GC invocations=127 (full 7):
 PSYoungGen      total 123904K, used 72768K [0x00000000f5580000, 0x0000000100000000, 0x0000000100000000)
  eden space 73216K, 84% used [0x00000000f5580000,0x00000000f91b1bd8,0x00000000f9d00000)
  from space 50688K, 21% used [0x00000000f9d00000,0x00000000fa7de530,0x00000000fce80000)
  to   space 48128K, 0% used [0x00000000fd100000,0x00000000fd100000,0x0000000100000000)
 ParOldGen       total 349696K, used 187832K [0x00000000e0000000, 0x00000000f5580000, 0x00000000f5580000)
  object space 349696K, 53% used [0x00000000e0000000,0x00000000eb76e218,0x00000000f5580000)
 Metaspace       used 104832K, capacity 109276K, committed 110720K, reserved 1144832K
  class space    used 13732K, capacity 14557K, committed 14976K, reserved 1048576K
Event: 188.495 GC heap after
Heap after GC invocations=127 (full 7):
 PSYoungGen      total 117248K, used 10202K [0x00000000f5580000, 0x00000000ff980000, 0x0000000100000000)
  eden space 75776K, 0% used [0x00000000f5580000,0x00000000f5580000,0x00000000f9f80000)
  from space 41472K, 24% used [0x00000000fd100000,0x00000000fdaf6be8,0x00000000ff980000)
  to   space 46080K, 0% used [0x00000000f9f80000,0x00000000f9f80000,0x00000000fcc80000)
 ParOldGen       total 349696K, used 187992K [0x00000000e0000000, 0x00000000f5580000, 0x00000000f5580000)
  object space 349696K, 53% used [0x00000000e0000000,0x00000000eb796218,0x00000000f5580000)
 Metaspace       used 104832K, capacity 109276K, committed 110720K, reserved 1144832K
  class space    used 13732K, capacity 14557K, committed 14976K, reserved 1048576K
}
Event: 190.042 GC heap before
{Heap before GC invocations=128 (full 7):
 PSYoungGen      total 117248K, used 85978K [0x00000000f5580000, 0x00000000ff980000, 0x0000000100000000)
  eden space 75776K, 100% used [0x00000000f5580000,0x00000000f9f80000,0x00000000f9f80000)
  from space 41472K, 24% used [0x00000000fd100000,0x00000000fdaf6be8,0x00000000ff980000)
  to   space 46080K, 0% used [0x00000000f9f80000,0x00000000f9f80000,0x00000000fcc80000)
 ParOldGen       total 349696K, used 188003K [0x00000000e0000000, 0x00000000f5580000, 0x00000000f5580000)
  object space 349696K, 53% used [0x00000000e0000000,0x00000000eb798c30,0x00000000f5580000)
 Metaspace       used 105585K, capacity 110154K, committed 111360K, reserved 1144832K
  class space    used 13839K, capacity 14698K, committed 15104K, reserved 1048576K
Event: 190.060 GC heap after
Heap after GC invocations=128 (full 7):
 PSYoungGen      total 121856K, used 29094K [0x00000000f5580000, 0x0000000100000000, 0x0000000100000000)
  eden space 75776K, 0% used [0x00000000f5580000,0x00000000f5580000,0x00000000f9f80000)
  from space 46080K, 63% used [0x00000000f9f80000,0x00000000fbbe9a00,0x00000000fcc80000)
  to   space 48128K, 0% used [0x00000000fd100000,0x00000000fd100000,0x0000000100000000)
 ParOldGen       total 349696K, used 188051K [0x00000000e0000000, 0x00000000f5580000, 0x00000000f5580000)
  object space 349696K, 53% used [0x00000000e0000000,0x00000000eb7a4c30,0x00000000f5580000)
 Metaspace       used 105585K, capacity 110154K, committed 111360K, reserved 1144832K
  class space    used 13839K, capacity 14698K, committed 15104K, reserved 1048576K
}
Event: 2012.953 GC heap before
{Heap before GC invocations=129 (full 7):
 PSYoungGen      total 121856K, used 104870K [0x00000000f5580000, 0x0000000100000000, 0x0000000100000000)
  eden space 75776K, 100% used [0x00000000f5580000,0x00000000f9f80000,0x00000000f9f80000)
  from space 46080K, 63% used [0x00000000f9f80000,0x00000000fbbe9a00,0x00000000fcc80000)
  to   space 48128K, 0% used [0x00000000fd100000,0x00000000fd100000,0x0000000100000000)
 ParOldGen       total 349696K, used 188056K [0x00000000e0000000, 0x00000000f5580000, 0x00000000f5580000)
  object space 349696K, 53% used [0x00000000e0000000,0x00000000eb7a6378,0x00000000f5580000)
 Metaspace       used 110979K, capacity 115550K, committed 116608K, reserved 1150976K
  class space    used 14306K, capacity 15202K, committed 15488K, reserved 1048576K
Event: 2013.098 GC heap after
Heap after GC invocations=129 (full 7):
 PSYoungGen      total 127488K, used 6641K [0x00000000f5580000, 0x0000000100000000, 0x0000000100000000)
  eden space 79360K, 0% used [0x00000000f5580000,0x00000000f5580000,0x00000000fa300000)
  from space 48128K, 13% used [0x00000000fd100000,0x00000000fd77c6c8,0x0000000100000000)
  to   space 47104K, 0% used [0x00000000fa300000,0x00000000fa300000,0x00000000fd100000)
 ParOldGen       total 349696K, used 198487K [0x00000000e0000000, 0x00000000f5580000, 0x00000000f5580000)
  object space 349696K, 56% used [0x00000000e0000000,0x00000000ec1d5e90,0x00000000f5580000)
 Metaspace       used 110979K, capacity 115550K, committed 116608K, reserved 1150976K
  class space    used 14306K, capacity 15202K, committed 15488K, reserved 1048576K
}
Event: 2014.267 GC heap before
{Heap before GC invocations=130 (full 7):
 PSYoungGen      total 127488K, used 86001K [0x00000000f5580000, 0x0000000100000000, 0x0000000100000000)
  eden space 79360K, 100% used [0x00000000f5580000,0x00000000fa300000,0x00000000fa300000)
  from space 48128K, 13% used [0x00000000fd100000,0x00000000fd77c6c8,0x0000000100000000)
  to   space 47104K, 0% used [0x00000000fa300000,0x00000000fa300000,0x00000000fd100000)
 ParOldGen       total 349696K, used 198487K [0x00000000e0000000, 0x00000000f5580000, 0x00000000f5580000)
  object space 349696K, 56% used [0x00000000e0000000,0x00000000ec1d5e90,0x00000000f5580000)
 Metaspace       used 113252K, capacity 118136K, committed 118912K, reserved 1153024K
  class space    used 14509K, capacity 15463K, committed 15744K, reserved 1048576K
Event: 2014.284 GC heap after
Heap after GC invocations=130 (full 7):
 PSYoungGen      total 88576K, used 9130K [0x00000000f5580000, 0x00000000ffb00000, 0x0000000100000000)
  eden space 79360K, 0% used [0x00000000f5580000,0x00000000f5580000,0x00000000fa300000)
  from space 9216K, 99% used [0x00000000fa300000,0x00000000fabea8c0,0x00000000fac00000)
  to   space 45056K, 0% used [0x00000000fcf00000,0x00000000fcf00000,0x00000000ffb00000)
 ParOldGen       total 349696K, used 200554K [0x00000000e0000000, 0x00000000f5580000, 0x00000000f5580000)
  object space 349696K, 57% used [0x00000000e0000000,0x00000000ec3daae0,0x00000000f5580000)
 Metaspace       used 113252K, capacity 118136K, committed 118912K, reserved 1153024K
  class space    used 14509K, capacity 15463K, committed 15744K, reserved 1048576K
}
Event: 2015.223 GC heap before
{Heap before GC invocations=131 (full 7):
 PSYoungGen      total 88576K, used 88490K [0x00000000f5580000, 0x00000000ffb00000, 0x0000000100000000)
  eden space 79360K, 100% used [0x00000000f5580000,0x00000000fa300000,0x00000000fa300000)
  from space 9216K, 99% used [0x00000000fa300000,0x00000000fabea8c0,0x00000000fac00000)
  to   space 45056K, 0% used [0x00000000fcf00000,0x00000000fcf00000,0x00000000ffb00000)
 ParOldGen       total 349696K, used 200554K [0x00000000e0000000, 0x00000000f5580000, 0x00000000f5580000)
  object space 349696K, 57% used [0x00000000e0000000,0x00000000ec3daae0,0x00000000f5580000)
 Metaspace       used 113343K, capacity 118178K, committed 118912K, reserved 1153024K
  class space    used 14519K, capacity 15498K, committed 15744K, reserved 1048576K
Event: 2015.242 GC heap after
Heap after GC invocations=131 (full 7):
 PSYoungGen      total 124928K, used 1312K [0x00000000f5580000, 0x0000000100000000, 0x0000000100000000)
  eden space 79872K, 0% used [0x00000000f5580000,0x00000000f5580000,0x00000000fa380000)
  from space 45056K, 2% used [0x00000000fcf00000,0x00000000fd048000,0x00000000ffb00000)
  to   space 44544K, 0% used [0x00000000fa380000,0x00000000fa380000,0x00000000fcf00000)
 ParOldGen       total 349696K, used 207632K [0x00000000e0000000, 0x00000000f5580000, 0x00000000f5580000)
  object space 349696K, 59% used [0x00000000e0000000,0x00000000ecac40b0,0x00000000f5580000)
 Metaspace       used 113343K, capacity 118178K, committed 118912K, reserved 1153024K
  class space    used 14519K, capacity 15498K, committed 15744K, reserved 1048576K
}

