# JRE version: Java(TM) SE Runtime Environment (8.0_212-b10) (build 1.8.0_212-b10)
# Java VM: Java HotSpot(TM) 64-Bit Server VM (25.212-b10 mixed mode windows-amd64 compressed oops)
Heap:
 PSYoungGen      total 38400K, used 19629K [0x00000000e0000000, 0x00000000e3200000, 0x0000000100000000)
  eden space 33280K, 47% used [0x00000000e0000000,0x00000000e0f6a980,0x00000000e2080000)
  from space 5120K, 75% used [0x00000000e2580000,0x00000000e2940dc0,0x00000000e2a80000)
  to   space 5120K, 0% used [0x00000000e2080000,0x00000000e2080000,0x00000000e2580000)
 ParOldGen       total 66560K, used 5406K [0x00000000a0000000, 0x00000000a4100000, 0x00000000e0000000)
  object space 66560K, 8% used [0x00000000a0000000,0x00000000a0547878,0x00000000a4100000)
 Metaspace       used 15724K, capacity 16164K, committed 16384K, reserved 1064960K
  class space    used 2170K, capacity 2288K, committed 2304K, reserved 1048576K
GC Heap History (10 events):
Event: 2.419 GC heap before
{Heap before GC invocations=1 (full 0):
 PSYoungGen      total 38400K, used 33280K [0x00000000e0000000, 0x00000000e2a80000, 0x0000000100000000)
  eden space 33280K, 100% used [0x00000000e0000000,0x00000000e2080000,0x00000000e2080000)
  from space 5120K, 0% used [0x00000000e2580000,0x00000000e2580000,0x00000000e2a80000)
  to   space 5120K, 0% used [0x00000000e2080000,0x00000000e2080000,0x00000000e2580000)
 ParOldGen       total 87552K, used 0K [0x00000000a0000000, 0x00000000a5580000, 0x00000000e0000000)
  object space 87552K, 0% used [0x00000000a0000000,0x00000000a0000000,0x00000000a5580000)
 Metaspace       used 7489K, capacity 7770K, committed 8064K, reserved 1056768K
  class space    used 946K, capacity 1034K, committed 1152K, reserved 1048576K
Event: 2.423 GC heap after
Heap after GC invocations=1 (full 0):
 PSYoungGen      total 38400K, used 4793K [0x00000000e0000000, 0x00000000e2a80000, 0x0000000100000000)
  eden space 33280K, 0% used [0x00000000e0000000,0x00000000e0000000,0x00000000e2080000)
  from space 5120K, 93% used [0x00000000e2080000,0x00000000e252e598,0x00000000e2580000)
  to   space 5120K, 0% used [0x00000000e2580000,0x00000000e2580000,0x00000000e2a80000)
 ParOldGen       total 87552K, used 16K [0x00000000a0000000, 0x00000000a5580000, 0x00000000e0000000)
  object space 87552K, 0% used [0x00000000a0000000,0x00000000a0004000,0x00000000a5580000)
 Metaspace       used 7489K, capacity 7770K, committed 8064K, reserved 1056768K
  class space    used 946K, capacity 1034K, committed 1152K, reserved 1048576K
}
Event: 2.902 GC heap before
{Heap before GC invocations=2 (full 0):
 PSYoungGen      total 38400K, used 38073K [0x00000000e0000000, 0x00000000e2a80000, 0x0000000100000000)
  eden space 33280K, 100% used [0x00000000e0000000,0x00000000e2080000,0x00000000e2080000)
  from space 5120K, 93% used [0x00000000e2080000,0x00000000e252e598,0x00000000e2580000)
  to   space 5120K, 0% used [0x00000000e2580000,0x00000000e2580000,0x00000000e2a80000)
 ParOldGen       total 87552K, used 16K [0x00000000a0000000, 0x00000000a5580000, 0x00000000e0000000)
  object space 87552K, 0% used [0x00000000a0000000,0x00000000a0004000,0x00000000a5580000)
 Metaspace       used 7733K, capacity 8018K, committed 8320K, reserved 1056768K
  class space    used 978K, capacity 1074K, committed 1152K, reserved 1048576K
Event: 2.906 GC heap after
Heap after GC invocations=2 (full 0):
 PSYoungGen      total 38400K, used 3749K [0x00000000e0000000, 0x00000000e2a80000, 0x0000000100000000)
  eden space 33280K, 0% used [0x00000000e0000000,0x00000000e0000000,0x00000000e2080000)
  from space 5120K, 73% used [0x00000000e2580000,0x00000000e29297a0,0x00000000e2a80000)
  to   space 5120K, 0% used [0x00000000e2080000,0x00000000e2080000,0x00000000e2580000)
 ParOldGen       total 87552K, used 24K [0x00000000a0000000, 0x00000000a5580000, 0x00000000e0000000)
  object space 87552K, 0% used [0x00000000a0000000,0x00000000a0006000,0x00000000a5580000)
 Metaspace       used 7733K, capacity 8018K, committed 8320K, reserved 1056768K
  class space    used 978K, capacity 1074K, committed 1152K, reserved 1048576K
}
Event: 4.860 GC heap before
{Heap before GC invocations=3 (full 0):
 PSYoungGen      total 38400K, used 28516K [0x00000000e0000000, 0x00000000e2a80000, 0x0000000100000000)
  eden space 33280K, 74% used [0x00000000e0000000,0x00000000e182fa30,0x00000000e2080000)
  from space 5120K, 73% used [0x00000000e2580000,0x00000000e29297a0,0x00000000e2a80000)
  to   space 5120K, 0% used [0x00000000e2080000,0x00000000e2080000,0x00000000e2580000)
 ParOldGen       total 87552K, used 24K [0x00000000a0000000, 0x00000000a5580000, 0x00000000e0000000)
  object space 87552K, 0% used [0x00000000a0000000,0x00000000a0006000,0x00000000a5580000)
 Metaspace       used 10743K, capacity 10978K, committed 11136K, reserved 1062912K
  class space    used 1459K, capacity 1573K, committed 1664K, reserved 1048576K
Event: 4.871 GC heap after
Heap after GC invocations=3 (full 0):
 PSYoungGen      total 38400K, used 5112K [0x00000000e0000000, 0x00000000e2a80000, 0x0000000100000000)
  eden space 33280K, 0% used [0x00000000e0000000,0x00000000e0000000,0x00000000e2080000)
  from space 5120K, 99% used [0x00000000e2080000,0x00000000e257e030,0x00000000e2580000)
  to   space 5120K, 0% used [0x00000000e2580000,0x00000000e2580000,0x00000000e2a80000)
 ParOldGen       total 87552K, used 508K [0x00000000a0000000, 0x00000000a5580000, 0x00000000e0000000)
  object space 87552K, 0% used [0x00000000a0000000,0x00000000a007f348,0x00000000a5580000)
 Metaspace       used 10743K, capacity 10978K, committed 11136K, reserved 1062912K
  class space    used 1459K, capacity 1573K, committed 1664K, reserved 1048576K
}
Event: 4.871 GC heap before
{Heap before GC invocations=4 (full 1):
 PSYoungGen      total 38400K, used 5112K [0x00000000e0000000, 0x00000000e2a80000, 0x0000000100000000)
  eden space 33280K, 0% used [0x00000000e0000000,0x00000000e0000000,0x00000000e2080000)
  from space 5120K, 99% used [0x00000000e2080000,0x00000000e257e030,0x00000000e2580000)
  to   space 5120K, 0% used [0x00000000e2580000,0x00000000e2580000,0x00000000e2a80000)
 ParOldGen       total 87552K, used 508K [0x00000000a0000000, 0x00000000a5580000, 0x00000000e0000000)
  object space 87552K, 0% used [0x00000000a0000000,0x00000000a007f348,0x00000000a5580000)
 Metaspace       used 10743K, capacity 10978K, committed 11136K, reserved 1062912K
  class space    used 1459K, capacity 1573K, committed 1664K, reserved 1048576K
Event: 4.969 GC heap after
Heap after GC invocations=4 (full 1):
 PSYoungGen      total 38400K, used 0K [0x00000000e0000000, 0x00000000e2a80000, 0x0000000100000000)
  eden space 33280K, 0% used [0x00000000e0000000,0x00000000e0000000,0x00000000e2080000)
  from space 5120K, 0% used [0x00000000e2080000,0x00000000e2080000,0x00000000e2580000)
  to   space 5120K, 0% used [0x00000000e2580000,0x00000000e2580000,0x00000000e2a80000)
 ParOldGen       total 66560K, used 5398K [0x00000000a0000000, 0x00000000a4100000, 0x00000000e0000000)
  object space 66560K, 8% used [0x00000000a0000000,0x00000000a0545878,0x00000000a4100000)
 Metaspace       used 10743K, capacity 10978K, committed 11136K, reserved 1060864K
  class space    used 1459K, capacity 1573K, committed 1664K, reserved 1048576K
}
Event: 5.910 GC heap before
{Heap before GC invocations=5 (full 1):
 PSYoungGen      total 38400K, used 33280K [0x00000000e0000000, 0x00000000e2a80000, 0x0000000100000000)
  eden space 33280K, 100% used [0x00000000e0000000,0x00000000e2080000,0x00000000e2080000)
  from space 5120K, 0% used [0x00000000e2080000,0x00000000e2080000,0x00000000e2580000)
  to   space 5120K, 0% used [0x00000000e2580000,0x00000000e2580000,0x00000000e2a80000)
 ParOldGen       total 66560K, used 5398K [0x00000000a0000000, 0x00000000a4100000, 0x00000000e0000000)
  object space 66560K, 8% used [0x00000000a0000000,0x00000000a0545878,0x00000000a4100000)
 Metaspace       used 14275K, capacity 14748K, committed 14976K, reserved 1062912K
  class space    used 1998K, capacity 2158K, committed 2176K, reserved 1048576K
Event: 5.918 GC heap after
Heap after GC invocations=5 (full 1):
 PSYoungGen      total 38400K, used 3843K [0x00000000e0000000, 0x00000000e3200000, 0x0000000100000000)
  eden space 33280K, 0% used [0x00000000e0000000,0x00000000e0000000,0x00000000e2080000)
  from space 5120K, 75% used [0x00000000e2580000,0x00000000e2940dc0,0x00000000e2a80000)
  to   space 5120K, 0% used [0x00000000e2080000,0x00000000e2080000,0x00000000e2580000)
 ParOldGen       total 66560K, used 5406K [0x00000000a0000000, 0x00000000a4100000, 0x00000000e0000000)
  object space 66560K, 8% used [0x00000000a0000000,0x00000000a0547878,0x00000000a4100000)
 Metaspace       used 14275K, capacity 14748K, committed 14976K, reserved 1062912K
  class space    used 1998K, capacity 2158K, committed 2176K, reserved 1048576K
}

